                                                                                                                                                         *******************************************************************************************************************
Symbol Table: Global                                                             Parent: NULL
-------------------------------------------------------------------------------------------------------------------
Name                Type of symbol           Category       Initial Value                 Size        Offset      Nested table
-------------------------------------------------------------------------------------------------------------------
printi              integer                  function                                     4           0           printi
prints              integer                  function                                     4           4           prints
readi               integer                  function                                     4           8           readi
f                   integer                  function                                     4           12          f
main                integer                  function                                     4           16          main
-------------------------------------------------------------------------------------------------------------------

*******************************************************************************************************************
Symbol Table: printi                                                             Parent: Global
-------------------------------------------------------------------------------------------------------------------
Name                Type of symbol           Category       Initial Value                 Size        Offset      Nested table
-------------------------------------------------------------------------------------------------------------------
num                 integer                  param                                        4           0           null
return              integer                  local                                        4           4           null
-------------------------------------------------------------------------------------------------------------------

*******************************************************************************************************************
Symbol Table: prints                                                             Parent: Global
-------------------------------------------------------------------------------------------------------------------
Name                Type of symbol           Category       Initial Value                 Size        Offset      Nested table
-------------------------------------------------------------------------------------------------------------------
c                   pointer(character)       param                                        4           0           null
return              integer                  local                                        4           4           null
-------------------------------------------------------------------------------------------------------------------

*******************************************************************************************************************
Symbol Table: readi                                                              Parent: Global
-------------------------------------------------------------------------------------------------------------------
Name                Type of symbol           Category       Initial Value                 Size        Offset      Nested table
-------------------------------------------------------------------------------------------------------------------
eP                  pointer(integer)         param                                        4           0           null
return              integer                  local                                        4           4           null
-------------------------------------------------------------------------------------------------------------------

*******************************************************************************************************************
Symbol Table: f                                                                  Parent: Global
-------------------------------------------------------------------------------------------------------------------
Name                Type of symbol           Category       Initial Value                 Size        Offset      Nested table
-------------------------------------------------------------------------------------------------------------------
a                   pointer(integer)         param                                        4           0           null
return              integer                  local                                        4           4           null
bi                  integer                  local                                        4           8           null
t00                 integer                  temp                                         4           12          null
t01                 integer                  temp                                         4           16          null
t02                 integer                  temp           2                             4           20          null
t03                 integer                  temp                                         4           24          null
t04                 integer                  temp                                         4           28          null
-------------------------------------------------------------------------------------------------------------------

*******************************************************************************************************************
Symbol Table: main                                                               Parent: Global
-------------------------------------------------------------------------------------------------------------------
Name                Type of symbol           Category       Initial Value                 Size        Offset      Nested table
-------------------------------------------------------------------------------------------------------------------
return              integer                  local                                        4           0           null
b                   integer                  local                                        4           4           null
e                   integer                  local                                        4           8           null
l                   pointer(integer)         local                                        4           12          null
s                   integer                  local                                        4           16          null
t00                 integer                  temp           3                             4           20          null
t01                 integer                  temp                                         4           24          null
prints              integer                  local                                        4           28          null
t02                 pointer(character)       temp           "Passing pointers to function f!\n"4           32          null
t03                 integer                  temp                                         4           36          null
t04                 pointer(character)       temp           "Value passed to function: "  4           40          null
t05                 integer                  temp                                         4           44          null
printi              integer                  local                                        4           48          null
t06                 integer                  temp                                         4           52          null
t07                 pointer(character)       temp           "\n"                          4           56          null
t08                 integer                  temp                                         4           60          null
t09                 pointer(character)       temp           "value returned from function is: "4           64          null
t10                 integer                  temp                                         4           68          null
f                   integer                  local                                        4           72          null
t11                 pointer(integer)         temp                                         4           76          null
t12                 integer                  temp                                         4           80          null
t13                 integer                  temp                                         4           84          null
t14                 integer                  temp           5                             4           88          null
t15                 integer                  temp                                         4           92          null
t16                 pointer(character)       temp           "give an integer as input"    4           96          null
t17                 integer                  temp                                         4           100         null
t18                 pointer(character)       temp           "\n"                          4           104         null
t19                 integer                  temp                                         4           108         null
readi               integer                  local                                        4           112         null
t20                 pointer(integer)         temp                                         4           116         null
t21                 integer                  temp                                         4           120         null
t22                 integer                  temp                                         4           124         null
t23                 pointer(character)       temp           "The integer that was read is:"4           128         null
t24                 integer                  temp                                         4           132         null
t25                 integer                  temp                                         4           136         null
t26                 pointer(character)       temp           "\n"                          4           140         null
t27                 integer                  temp                                         4           144         null
k                   arr(10,integer)          local                                        40          148         null
t28                 integer                  temp           10                            4           188         null
i                   integer                  local                                        4           192         null
t29                 pointer(character)       temp           "printing array numbers+5"    4           196         null
t30                 integer                  temp                                         4           200         null
t31                 integer                  temp           0                             4           204         null
t32                 integer                  temp                                         4           208         null
t33                 integer                  temp           10                            4           212         null
t34                 integer                  temp                                         4           216         null
t35                 integer                  temp                                         4           220         null
t36                 integer                  temp           5                             4           224         null
t37                 integer                  temp                                         4           228         null
t38                 integer                  temp                                         4           232         null
t39                 integer                  temp                                         4           236         null
t40                 integer                  temp                                         4           240         null
t41                 integer                  temp                                         4           244         null
t42                 integer                  temp                                         4           248         null
t43                 integer                  temp           0                             4           252         null
-------------------------------------------------------------------------------------------------------------------

******************************
Quad Translation
------------------------------
L0   :	f: 

	1   :	bi = t00

	2   :	t02 = 2

	3   :	t03 = bi + t02

	4   :	bi = t03

	5   :	return bi

	6   :	

L7   :	main: 

	8   :	t00 = 3

	9   :	b = t00

	10  :	t02 = 0

	11  :	param t02

	12  :	t03 = call prints, 1

	13  :	t04 = 1

	14  :	param t04

	15  :	t05 = call prints, 1

	16  :	param b

	17  :	t06 = call printi, 1

	18  :	t07 = 2

	19  :	param t07

	20  :	t08 = call prints, 1

	21  :	t09 = 3

	22  :	param t09

	23  :	t10 = call prints, 1

	24  :	t11 = &e

	25  :	param t11

	26  :	t12 = call f, 1

	27  :	b = t12

	28  :	t14 = 5

	29  :	param t14

	30  :	t15 = call printi, 1

	31  :	t16 = 4

	32  :	param t16

	33  :	t17 = call prints, 1

	34  :	t18 = 5

	35  :	param t18

	36  :	t19 = call prints, 1

	37  :	t20 = &e

	38  :	param t20

	39  :	t21 = call readi, 1

	40  :	b = t21

	41  :	t23 = 6

	42  :	param t23

	43  :	t24 = call prints, 1

	44  :	param e

	45  :	t25 = call printi, 1

	46  :	t26 = 7

	47  :	param t26

	48  :	t27 = call prints, 1

	49  :	t28 = 10

	50  :	t29 = 8

	51  :	param t29

	52  :	t30 = call prints, 1

	53  :	t31 = 0

	54  :	i = t31

	55  :	t33 = 10

	56  :	if i < t33 goto L61

	57  :	goto L70

	58  :	t34 = i

	59  :	i = i + 1

	60  :	goto L55

	61  :	t35 = i * 4

	62  :	t36 = 5

	63  :	t37 = i + t36

	64  :	k[t35] = t37

	65  :	t40 = i * 4

	66  :	t41 = k[t40]

	67  :	param t41

	68  :	t42 = call printi, 1

	69  :	goto L58

	70  :	t43 = 0

	71  :	return t43

	72  :	

------------------------------
